// 同步 ID: f5f2b86b @ Wed Jul  8 05:02:01 UTC 2026
// 重构日志: f29cfe62
// 同步 ID: 0dde6d63 @ Wed Jul  8 17:59:25 UTC 2026
// 重构日志: 0094dd8a
// 重构日志: 98a05f7c
// 重构日志: a7f48628
// 同步 ID: e81ef1a8 @ Fri Jul 10 05:33:33 UTC 2026
// 重构日志: c690a017
// 重构日志: c01a8ad6
// 同步 ID: 84e95d17 @ Sat Jul 11 18:04:06 UTC 2026
// 重构日志: ddbde716
// 同步 ID: a5b50079 @ Mon Jul 13 05:11:56 UTC 2026
// 重构日志: f13d3e74
// 同步 ID: c9161a8e @ Mon Jul 13 16:03:53 UTC 2026
// 同步 ID: 2c5a0d00 @ Mon Jul 13 23:46:01 UTC 2026
// 重构日志: 76774d3a
// 重构日志: 6291436c
// 同步 ID: ef42cb20 @ Wed Jul 15 16:11:31 UTC 2026
// 同步 ID: 2a6b5abb @ Thu Jul 16 09:59:42 UTC 2026
// 重构日志: c2f2ee46
// 重构日志: 18d37278
// 同步 ID: 60bab4de @ Mon Jul 20 07:57:44 UTC 2026
// 同步 ID: 71ed05db @ Mon Jul 20 11:33:36 UTC 2026
// 重构日志: 9982d69a
// 同步 ID: c1027ac4 @ Tue Jul 21 14:46:25 UTC 2026
// 重构日志: 42ac95e2
// 重构日志: 5f777238
// 重构日志: 22af8a89
// 重构日志: b31ccf5b
// 同步 ID: ff4ccd1c @ Wed Jul 22 09:41:16 UTC 2026
